CRITICAL - 2023-05-17 16:59:57 --> Unmatched '}'
in APPPATH\Views\shopping\index.php on line 37.
 1 SYSTEMPATH\View\View.php(216): CodeIgniter\View\View->CodeIgniter\View\{closure}()
 2 SYSTEMPATH\Common.php(1184): CodeIgniter\View\View->render('shopping/index', [], true)
 3 APPPATH\Controllers\ProductController.php(43): view('shopping/index', [...])
 4 SYSTEMPATH\CodeIgniter.php(934): App\Controllers\ProductController->index()
 5 SYSTEMPATH\CodeIgniter.php(499): CodeIgniter\CodeIgniter->runController(Object(App\Controllers\ProductController))
 6 SYSTEMPATH\CodeIgniter.php(368): CodeIgniter\CodeIgniter->handleRequest(null, Object(Config\Cache), false)
 7 FCPATH\index.php(67): CodeIgniter\CodeIgniter->run()
CRITICAL - 2023-05-17 17:08:45 --> Undefined array key "id"
in APPPATH\Views\shopping\index.php on line 4.
 1 APPPATH\Views\shopping\index.php(4): CodeIgniter\Debug\Exceptions->errorHandler(2, 'Undefined array key "id"', 'APPPATH\\Views\\shopping\\index.php', 4)
 2 SYSTEMPATH\View\View.php(213): include('APPPATH\\Views\\shopping\\index.php')
 3 SYSTEMPATH\View\View.php(216): CodeIgniter\View\View->CodeIgniter\View\{closure}()
 4 SYSTEMPATH\Common.php(1184): CodeIgniter\View\View->render('shopping/index', [], true)
 5 APPPATH\Controllers\ProductController.php(43): view('shopping/index', [...])
 6 SYSTEMPATH\CodeIgniter.php(934): App\Controllers\ProductController->index()
 7 SYSTEMPATH\CodeIgniter.php(499): CodeIgniter\CodeIgniter->runController(Object(App\Controllers\ProductController))
 8 SYSTEMPATH\CodeIgniter.php(368): CodeIgniter\CodeIgniter->handleRequest(null, Object(Config\Cache), false)
 9 FCPATH\index.php(67): CodeIgniter\CodeIgniter->run()
CRITICAL - 2023-05-17 17:08:59 --> Undefined array key "id"
in APPPATH\Views\shopping\index.php on line 4.
 1 APPPATH\Views\shopping\index.php(4): CodeIgniter\Debug\Exceptions->errorHandler(2, 'Undefined array key "id"', 'APPPATH\\Views\\shopping\\index.php', 4)
 2 SYSTEMPATH\View\View.php(213): include('APPPATH\\Views\\shopping\\index.php')
 3 SYSTEMPATH\View\View.php(216): CodeIgniter\View\View->CodeIgniter\View\{closure}()
 4 SYSTEMPATH\Common.php(1184): CodeIgniter\View\View->render('shopping/index', [], true)
 5 APPPATH\Controllers\ProductController.php(43): view('shopping/index', [...])
 6 SYSTEMPATH\CodeIgniter.php(934): App\Controllers\ProductController->index()
 7 SYSTEMPATH\CodeIgniter.php(499): CodeIgniter\CodeIgniter->runController(Object(App\Controllers\ProductController))
 8 SYSTEMPATH\CodeIgniter.php(368): CodeIgniter\CodeIgniter->handleRequest(null, Object(Config\Cache), false)
 9 FCPATH\index.php(67): CodeIgniter\CodeIgniter->run()
CRITICAL - 2023-05-17 17:09:20 --> Undefined array key "price"
in APPPATH\Views\shopping\index.php on line 4.
 1 APPPATH\Views\shopping\index.php(4): CodeIgniter\Debug\Exceptions->errorHandler(2, 'Undefined array key "price"', 'APPPATH\\Views\\shopping\\index.php', 4)
 2 SYSTEMPATH\View\View.php(213): include('APPPATH\\Views\\shopping\\index.php')
 3 SYSTEMPATH\View\View.php(216): CodeIgniter\View\View->CodeIgniter\View\{closure}()
 4 SYSTEMPATH\Common.php(1184): CodeIgniter\View\View->render('shopping/index', [], true)
 5 APPPATH\Controllers\ProductController.php(43): view('shopping/index', [...])
 6 SYSTEMPATH\CodeIgniter.php(934): App\Controllers\ProductController->index()
 7 SYSTEMPATH\CodeIgniter.php(499): CodeIgniter\CodeIgniter->runController(Object(App\Controllers\ProductController))
 8 SYSTEMPATH\CodeIgniter.php(368): CodeIgniter\CodeIgniter->handleRequest(null, Object(Config\Cache), false)
 9 FCPATH\index.php(67): CodeIgniter\CodeIgniter->run()
CRITICAL - 2023-05-17 19:12:31 --> Class "App\Controllers\ProductModel" not found
in APPPATH\Controllers\CartController.php on line 15.
 1 SYSTEMPATH\CodeIgniter.php(906): App\Controllers\CartController->__construct()
 2 SYSTEMPATH\CodeIgniter.php(490): CodeIgniter\CodeIgniter->createController()
 3 SYSTEMPATH\CodeIgniter.php(368): CodeIgniter\CodeIgniter->handleRequest(null, Object(Config\Cache), false)
 4 FCPATH\index.php(67): CodeIgniter\CodeIgniter->run()
CRITICAL - 2023-05-17 19:13:20 --> Class "App\Controllers\ProductModel" not found
in APPPATH\Controllers\CartController.php on line 15.
 1 SYSTEMPATH\CodeIgniter.php(906): App\Controllers\CartController->__construct()
 2 SYSTEMPATH\CodeIgniter.php(490): CodeIgniter\CodeIgniter->createController()
 3 SYSTEMPATH\CodeIgniter.php(368): CodeIgniter\CodeIgniter->handleRequest(null, Object(Config\Cache), false)
 4 FCPATH\index.php(67): CodeIgniter\CodeIgniter->run()
CRITICAL - 2023-05-17 19:14:40 --> Class "App\Controllers\ProductModel" not found
in APPPATH\Controllers\CartController.php on line 15.
 1 SYSTEMPATH\CodeIgniter.php(906): App\Controllers\CartController->__construct()
 2 SYSTEMPATH\CodeIgniter.php(490): CodeIgniter\CodeIgniter->createController()
 3 SYSTEMPATH\CodeIgniter.php(368): CodeIgniter\CodeIgniter->handleRequest(null, Object(Config\Cache), false)
 4 FCPATH\index.php(67): CodeIgniter\CodeIgniter->run()
CRITICAL - 2023-05-17 19:23:28 --> Class "App\Controllers\ProductModel" not found
in APPPATH\Controllers\CartController.php on line 15.
 1 SYSTEMPATH\CodeIgniter.php(906): App\Controllers\CartController->__construct()
 2 SYSTEMPATH\CodeIgniter.php(490): CodeIgniter\CodeIgniter->createController()
 3 SYSTEMPATH\CodeIgniter.php(368): CodeIgniter\CodeIgniter->handleRequest(null, Object(Config\Cache), false)
 4 FCPATH\index.php(67): CodeIgniter\CodeIgniter->run()
CRITICAL - 2023-05-17 19:23:54 --> Class "App\Controllers\ProductModel" not found
in APPPATH\Controllers\CartController.php on line 15.
 1 SYSTEMPATH\CodeIgniter.php(906): App\Controllers\CartController->__construct()
 2 SYSTEMPATH\CodeIgniter.php(490): CodeIgniter\CodeIgniter->createController()
 3 SYSTEMPATH\CodeIgniter.php(368): CodeIgniter\CodeIgniter->handleRequest(null, Object(Config\Cache), false)
 4 FCPATH\index.php(67): CodeIgniter\CodeIgniter->run()
CRITICAL - 2023-05-17 19:34:38 --> Undefined variable $data
in APPPATH\Views\index.php on line 11.
 1 APPPATH\Views\index.php(11): CodeIgniter\Debug\Exceptions->errorHandler(2, 'Undefined variable $data', 'APPPATH\\Views\\index.php', 11)
 2 SYSTEMPATH\View\View.php(213): include('APPPATH\\Views\\index.php')
 3 SYSTEMPATH\View\View.php(216): CodeIgniter\View\View->CodeIgniter\View\{closure}()
 4 SYSTEMPATH\Common.php(1184): CodeIgniter\View\View->render('index', [], true)
 5 APPPATH\modules\User\Controllers\User.php(18): view('index')
 6 SYSTEMPATH\CodeIgniter.php(934): Modules\User\Controllers\User->index()
 7 SYSTEMPATH\CodeIgniter.php(499): CodeIgniter\CodeIgniter->runController(Object(Modules\User\Controllers\User))
 8 SYSTEMPATH\CodeIgniter.php(368): CodeIgniter\CodeIgniter->handleRequest(null, Object(Config\Cache), false)
 9 FCPATH\index.php(67): CodeIgniter\CodeIgniter->run()
